<?xml version="1.0" encoding="UTF-8"?>
<!-- Generated by org.testng.reporters.JUnitReportReporter -->
<testsuite hostname="LAPTOP-K3C027OU" failures="0" tests="3" name="testcase.SecondTest" time="7.777" errors="0" timestamp="2020-07-31T19:16:19 ICT" skipped="0">
  <testcase classname="testcase.SecondTest" name="barcelona" time="1.569"/>
  <system-out/>
  <testcase classname="testcase.SecondTest" name="closed" time="4.597"/>
  <system-out/>
  <testcase classname="testcase.SecondTest" name="barcelona" time="1.611"/>
  <system-out/>
</testsuite> <!-- testcase.SecondTest -->
