<?xml version="1.0" encoding="UTF-8"?>
<!-- Generated by org.testng.reporters.JUnitReportReporter -->
<testsuite hostname="LAPTOP-K3C027OU" failures="0" tests="2" name="testcase.GmailLoginTest" time="12.166" errors="0" timestamp="2020-08-01T11:49:58 ICT" skipped="0">
  <testcase classname="testcase.GmailLoginTest" name="quit" time="11.364"/>
  <system-out/>
  <testcase classname="testcase.GmailLoginTest" name="barcelona" time="0.802"/>
  <system-out/>
</testsuite> <!-- testcase.GmailLoginTest -->
