<?xml version="1.0" encoding="UTF-8"?>
<!-- Generated by org.testng.reporters.JUnitReportReporter -->
<testsuite hostname="LAPTOP-K3C027OU" failures="0" tests="2" name="testcase.FacebookTest" time="22.052" errors="0" timestamp="2020-08-01T11:49:58 ICT" skipped="0">
  <testcase classname="testcase.FacebookTest" name="barcelona" time="2.355"/>
  <system-out/>
  <testcase classname="testcase.FacebookTest" name="quit" time="19.697"/>
  <system-out/>
</testsuite> <!-- testcase.FacebookTest -->
