<?xml version="1.0" encoding="UTF-8"?>
<!-- Generated by org.testng.reporters.JUnitReportReporter -->
<testsuite hostname="LAPTOP-K3C027OU" failures="0" tests="2" name="testcase.GreenFruitTest" time="2.507" errors="0" timestamp="2020-08-01T19:44:01 ICT" skipped="0">
  <testcase classname="testcase.GreenFruitTest" name="barcelona" time="1.803"/>
  <system-out/>
  <testcase classname="testcase.GreenFruitTest" name="quit" time="0.704"/>
  <system-out/>
</testsuite> <!-- testcase.GreenFruitTest -->
