<?xml version="1.0" encoding="UTF-8"?>
<!-- Generated by org.testng.reporters.JUnitReportReporter -->
<testsuite hostname="LAPTOP-K3C027OU" failures="0" tests="2" name="testcase.YoutubeTest" time="0.000" errors="0" timestamp="2020-08-02T00:04:55 ICT" skipped="2">
  <testcase classname="testcase.YoutubeTest" name="barcelona" time="0.000">
    <skipped/>
  </testcase> <!-- barcelona -->
  <system-out/>
  <testcase classname="testcase.YoutubeTest" name="quit" time="0.000">
    <skipped/>
  </testcase> <!-- quit -->
  <system-out/>
</testsuite> <!-- testcase.YoutubeTest -->
